Start testing: Sep 20 23:45 Eastern Daylight Time
----------------------------------------------------------
1/2 Testing: input_validation
1/2 Test: input_validation
Command: "C:/Users/Adins/Downloads/Learning-cpp/Practice/build-ninja/input_validation_tests.exe"
Directory: C:/Users/Adins/Downloads/Learning-cpp/Practice/build-ninja
"input_validation" start time: Sep 20 23:45 Eastern Daylight Time
Output:
----------------------------------------------------------
Input validation, EOF cancellation, and five one-year preset checks passed.
<end of output>
Test time =   0.86 sec
----------------------------------------------------------
Test Passed.
"input_validation" end time: Sep 20 23:45 Eastern Daylight Time
"input_validation" time elapsed: 00:00:00
----------------------------------------------------------

2/2 Testing: simulation_timing
2/2 Test: simulation_timing
Command: "C:/Users/Adins/Downloads/Learning-cpp/Practice/build-ninja/simulation_timing_tests.exe"
Directory: C:/Users/Adins/Downloads/Learning-cpp/Practice/build-ninja
"simulation_timing" start time: Sep 20 23:45 Eastern Daylight Time
Output:
----------------------------------------------------------
Timing passed at 15, 30, 60, 144 and 240 FPS, with uneven frames and stalls.
<end of output>
Test time =   0.76 sec
----------------------------------------------------------
Test Passed.
"simulation_timing" end time: Sep 20 23:45 Eastern Daylight Time
"simulation_timing" time elapsed: 00:00:00
----------------------------------------------------------

End testing: Sep 20 23:45 Eastern Daylight Time
